09:34:26.852 [main                     ] DEBUG Logger               - Configured Logger
09:34:26.949 [main                     ] DEBUG GameApplication      - Logging settings
Title: 11
Version: 0.1
Width: 480
Height: 520
Fullscreen: false
Intro: false
Profiling: false
Single step:false
App Mode: DEVELOPER
Menu Key: ESCAPE
Stage Style: DECORATED
Scene Factory: class com.almasb.fxgl.app.scene.SceneFactory

09:34:28.633 [JavaFX Application Thread] DEBUG FXGLApplication      - Initializing FXGL
09:34:28.645 [JavaFX Application Thread] INFO  Engine               - FXGL-17.2 (20.08.2022 16.50) on WINDOWS (J:19.0.1 FX:18)
09:34:28.646 [JavaFX Application Thread] DEBUG Engine               - JRE Vendor Name: Oracle Corporation
09:34:28.646 [JavaFX Application Thread] DEBUG Engine               - Running on OS: Windows 10 version 10.0
09:34:28.646 [JavaFX Application Thread] DEBUG Engine               - Architecture: amd64
09:34:28.647 [JavaFX Application Thread] INFO  Engine               - Source code and latest versions at: https://github.com/AlmasB/FXGL
09:34:28.647 [JavaFX Application Thread] INFO  Engine               -       Ask questions and discuss at: https://github.com/AlmasB/FXGL/discussions
09:34:28.647 [JavaFX Application Thread] INFO  Engine               -              Join the FXGL chat at: https://gitter.im/AlmasB/FXGL
09:34:28.886 [JavaFX Application Thread] DEBUG PrimaryStageWindow   - Creating a JavaFX scene
09:34:29.054 [JavaFX Application Thread] DEBUG PrimaryStageWindow   - Target settings size: 480.0 x 520.0
09:34:29.054 [JavaFX Application Thread] DEBUG PrimaryStageWindow   - Scaled scene size:    480.0 x 520.0
09:34:29.055 [JavaFX Application Thread] DEBUG PrimaryStageWindow   - Scaled ratio: (1.0, 1.0)
09:34:29.056 [JavaFX Application Thread] DEBUG PrimaryStageWindow   - Set initial scene to FXGLStartupScene
09:34:29.070 [JavaFX Application Thread] DEBUG PrimaryStageWindow   - Opening main window
09:34:29.351 [JavaFX Application Thread] DEBUG PrimaryStageWindow   - Window border size: (14.399993896484375, 37.5999755859375)
09:34:29.352 [JavaFX Application Thread] DEBUG PrimaryStageWindow   - Scaled size: 480.0 x 520.0
09:34:29.352 [JavaFX Application Thread] DEBUG PrimaryStageWindow   - Scaled ratio: (1.0, 1.0)
09:34:29.353 [JavaFX Application Thread] DEBUG PrimaryStageWindow   - Scene size: 480.0 x 520.0
09:34:29.353 [JavaFX Application Thread] DEBUG PrimaryStageWindow   - Stage size: 494.3999938964844 x 557.5999755859375
09:34:29.367 [FXGL Background Thread 1 ] DEBUG Engine               - Initializing environment variables
09:34:29.487 [FXGL Background Thread 1 ] DEBUG FXGLAssetLoaderServi - User app class for loading assets: class com.xiguang.hello.HelloWorldApp
09:34:29.488 [FXGL Background Thread 1 ] DEBUG GameApplicationServi - Applying CSS: fxgl_dark.css
09:34:29.490 [FXGL Background Thread 1 ] DEBUG FXGLAssetLoaderServi - Loading from file system: jar:file:///C:/Users/DELL/.m2/repository/com/github/almasb/fxgl/17.2/fxgl-17.2.jar!/fxglassets/ui/css/fxgl_dark.css
09:34:29.615 [FXGL Background Thread 1 ] DEBUG GameApplicationServi - Initializing application scenes
09:34:29.762 [FXGL Background Thread 1 ] DEBUG GameWorld            - Game world initialized
09:34:29.889 [FXGL Background Thread 1 ] DEBUG PhysicsWorld         - Physics world initialized: appHeight=520, physics.ppm=50.0
09:34:29.890 [FXGL Background Thread 1 ] DEBUG PhysicsWorld         - Using strategy: BRUTE_FORCE
09:34:29.898 [FXGL Background Thread 1 ] DEBUG GameScene            - Game scene initialized: 480x520
09:34:29.918 [FXGL Background Thread 1 ] WARN  FXGL.DefaultMenu     - FXGLDefaultMenu is not designed for resolutions < 800x600
09:34:29.919 [FXGL Background Thread 1 ] DEBUG FXGL.DefaultMenu     - createMenuBodyGameMenu()
09:34:29.943 [FXGL Background Thread 1 ] DEBUG FXGL.DefaultMenu     - createOptionsMenu()
09:34:29.965 [FXGL Background Thread 1 ] DEBUG FXGLAssetLoaderServi - Loading from file system: jar:file:///C:/Users/DELL/.m2/repository/com/github/almasb/fxgl/17.2/fxgl-17.2.jar!/fxglassets/textures/particles/smoke.png
09:34:30.160 [FXGL Background Thread 1 ] DEBUG FXGLAssetLoaderServi - Loading from file system: jar:file:///C:/Users/DELL/.m2/repository/com/github/almasb/fxgl/17.2/fxgl-17.2.jar!/fxglassets/textures/particles/trace_horizontal.png
09:34:30.225 [FXGL Background Thread 1 ] DEBUG GameApplicationServi - Application scenes initialized
09:34:30.246 [FXGL Background Thread 1 ] DEBUG SystemBundleService  - Loading FXGL system data
09:34:30.256 [FXGL Background Thread 1 ] DEBUG FileSystemAccess     - Reading from: C:\Users\DELL\Desktop\三年级冬\Java\NucleicAcidTestingGame\game\system\fxgl.bundle
09:34:30.276 [FXGL Background Thread 1 ] DEBUG SystemBundleService  - Bundle FXGL: {}
09:34:30.276 [FXGL Background Thread 1 ] DEBUG UpdaterService       - Checking for updates
09:34:30.285 [FXGL Background Thread 1 ] DEBUG FXGLApplication      - Loading default localization
09:34:30.286 [FXGL Background Thread 1 ] DEBUG FXGLAssetLoaderServi - Loading from file system: jar:file:///C:/Users/DELL/.m2/repository/com/github/almasb/fxgl/17.2/fxgl-17.2.jar!/fxglassets/languages/english.lang
09:34:30.288 [FXGL Background Thread 4 ] DEBUG FXGLApplication      - Loading fonts
09:34:30.289 [FXGL Background Thread 4 ] DEBUG FXGLAssetLoaderServi - Loading from file system: jar:file:///C:/Users/DELL/.m2/repository/com/github/almasb/fxgl/17.2/fxgl-17.2.jar!/fxglassets/ui/fonts/VarelaRound-Regular.ttf
09:34:30.321 [FXGL Background Thread 1 ] INFO  FXGLApplication      - FXGL initialization took: 0.953 sec
09:34:30.323 [JavaFX Application Thread] DEBUG FXGLAssetLoaderServi - Loading from file system: jar:file:///C:/Users/DELL/.m2/repository/com/github/almasb/fxgl/17.2/fxgl-17.2.jar!/fxglassets/textures/fxgl_icon.png
09:34:30.373 [JavaFX Application Thread] DEBUG FXGLAssetLoaderServi - Loading from file system: jar:file:///C:/Users/DELL/.m2/repository/com/github/almasb/fxgl/17.2/fxgl-17.2.jar!/fxglassets/textures/fxgl_default_cursor.png
09:34:30.397 [JavaFX Application Thread] DEBUG Input                - Registered new binding: Screenshot - CTRL+8
09:34:30.398 [JavaFX Application Thread] DEBUG Input                - Registered new binding: System info dump - CTRL+9
09:34:30.399 [JavaFX Application Thread] DEBUG Input                - Registered new binding: Restart - CTRL+R
09:34:30.400 [JavaFX Application Thread] DEBUG Input                - Registered new binding: Toggle Debug Camera - CTRL+7
09:34:30.404 [JavaFX Application Thread] DEBUG LoopRunner           - Starting loop
09:34:30.405 [JavaFX Application Thread] DEBUG LoopRunner           - Initializing JavaFX AnimationTimerLoop
09:34:30.407 [JavaFX Application Thread] DEBUG GameApplicationServi - Starting new game
09:34:30.408 [JavaFX Application Thread] DEBUG Input                - Clearing active input actions
09:34:30.427 [JavaFX Application Thread] DEBUG GameApplicationServi - Removing overlay from FXGLStartupScene and adding to FXGLLoadingScene
09:34:30.428 [JavaFX Application Thread] DEBUG PrimaryStageWindow   - FXGLStartupScene -> FXGLLoadingScene
09:34:30.428 [JavaFX Application Thread] DEBUG GameApplicationServi - Clearing previous game
09:34:30.429 [JavaFX Application Thread] DEBUG GameScene            - Clearing game scene
09:34:30.429 [JavaFX Application Thread] DEBUG GameWorld            - Clearing game world
09:34:30.429 [JavaFX Application Thread] DEBUG PhysicsWorld         - Clearing physics world
09:34:30.433 [FXGL Background Thread 1 ] DEBUG FXGLApplication      - Initializing game
09:34:30.437 [FXGL Background Thread 1 ] INFO  FXGLApplication      - Game initialization took: 0.004 sec
09:34:30.509 [JavaFX Application Thread] DEBUG Input                - Clearing active input actions
09:34:30.525 [JavaFX Application Thread] DEBUG GameApplicationServi - Removing overlay from FXGLLoadingScene and adding to GameScene
09:34:30.525 [JavaFX Application Thread] DEBUG PrimaryStageWindow   - FXGLLoadingScene -> GameScene
09:34:30.592 [FXGL Background Thread 4 ] DEBUG FXGLAssetLoaderServi - Loading from file system: jar:file:///C:/Users/DELL/.m2/repository/com/github/almasb/fxgl/17.2/fxgl-17.2.jar!/fxglassets/ui/fonts/Abel-Regular.ttf
09:34:30.598 [FXGL Background Thread 4 ] DEBUG FXGLAssetLoaderServi - Loading from file system: jar:file:///C:/Users/DELL/.m2/repository/com/github/almasb/fxgl/17.2/fxgl-17.2.jar!/fxglassets/ui/fonts/TerminalLandMono-Regular.otf
09:34:30.605 [FXGL Background Thread 4 ] DEBUG FXGLAssetLoaderServi - Loading from file system: jar:file:///C:/Users/DELL/.m2/repository/com/github/almasb/fxgl/17.2/fxgl-17.2.jar!/fxglassets/ui/fonts/Courier-Prime.ttf
09:34:30.668 [JavaFX Application Thread] DEBUG FXGLApplication      - Registering font factories with UI factory
09:34:33.042 [JavaFX Application Thread] DEBUG FXGLApplication      - Exiting FXGL
09:34:33.042 [JavaFX Application Thread] DEBUG LoopRunner           - Stopping loop
09:34:33.042 [JavaFX Application Thread] DEBUG SystemBundleService  - Saving FXGL system data
09:34:33.044 [JavaFX Application Thread] DEBUG FileSystemAccess     - Writing to: C:\Users\DELL\Desktop\三年级冬\Java\NucleicAcidTestingGame\game\system\fxgl.bundle
09:34:33.046 [JavaFX Application Thread] DEBUG Async                - Shutting down background threads
09:34:33.046 [JavaFX Application Thread] DEBUG PrimaryStageWindow   - Closing main window
09:34:33.064 [JavaFX Application Thread] DEBUG Logger               - Closing Logger
