08:53:38.612 [main                     ] DEBUG Logger               - Configured Logger
08:53:38.631 [main                     ] DEBUG GameApplication      - Logging settings
Title: 11
Version: 0.1
Width: 480
Height: 520
Fullscreen: false
Intro: false
Profiling: false
Single step:false
App Mode: DEVELOPER
Menu Key: ESCAPE
Stage Style: DECORATED
Scene Factory: class com.almasb.fxgl.app.scene.SceneFactory

08:53:39.061 [JavaFX Application Thread] DEBUG FXGLApplication      - Initializing FXGL
08:53:39.065 [JavaFX Application Thread] INFO  Engine               - FXGL-17.2 (20.08.2022 16.50) on WINDOWS (J:19.0.1 FX:18)
08:53:39.065 [JavaFX Application Thread] DEBUG Engine               - JRE Vendor Name: Oracle Corporation
08:53:39.065 [JavaFX Application Thread] DEBUG Engine               - Running on OS: Windows 11 version 10.0
08:53:39.065 [JavaFX Application Thread] DEBUG Engine               - Architecture: amd64
08:53:39.065 [JavaFX Application Thread] INFO  Engine               - Source code and latest versions at: https://github.com/AlmasB/FXGL
08:53:39.065 [JavaFX Application Thread] INFO  Engine               -       Ask questions and discuss at: https://github.com/AlmasB/FXGL/discussions
08:53:39.065 [JavaFX Application Thread] INFO  Engine               -              Join the FXGL chat at: https://gitter.im/AlmasB/FXGL
08:53:39.140 [JavaFX Application Thread] DEBUG PrimaryStageWindow   - Creating a JavaFX scene
08:53:39.188 [JavaFX Application Thread] DEBUG PrimaryStageWindow   - Target settings size: 480.0 x 520.0
08:53:39.188 [JavaFX Application Thread] DEBUG PrimaryStageWindow   - Scaled scene size:    480.0 x 520.0
08:53:39.188 [JavaFX Application Thread] DEBUG PrimaryStageWindow   - Scaled ratio: (1.0, 1.0)
08:53:39.189 [JavaFX Application Thread] DEBUG PrimaryStageWindow   - Set initial scene to FXGLStartupScene
08:53:39.193 [JavaFX Application Thread] DEBUG PrimaryStageWindow   - Opening main window
08:53:39.297 [JavaFX Application Thread] DEBUG PrimaryStageWindow   - Window border size: (14.399993896484375, 37.5999755859375)
08:53:39.298 [JavaFX Application Thread] DEBUG PrimaryStageWindow   - Scaled size: 480.0 x 520.0
08:53:39.298 [JavaFX Application Thread] DEBUG PrimaryStageWindow   - Scaled ratio: (1.0, 1.0)
08:53:39.298 [JavaFX Application Thread] DEBUG PrimaryStageWindow   - Scene size: 480.0 x 520.0
08:53:39.298 [JavaFX Application Thread] DEBUG PrimaryStageWindow   - Stage size: 494.3999938964844 x 557.5999755859375
08:53:39.305 [FXGL Background Thread 1 ] DEBUG Engine               - Initializing environment variables
08:53:39.349 [FXGL Background Thread 1 ] DEBUG FXGLAssetLoaderServi - User app class for loading assets: class com.xiguang.hello.HelloWorldApp
08:53:39.349 [FXGL Background Thread 1 ] DEBUG GameApplicationServi - Applying CSS: fxgl_dark.css
08:53:39.350 [FXGL Background Thread 1 ] DEBUG FXGLAssetLoaderServi - Loading from file system: jar:file:///C:/Users/xiguang/.m2/repository/com/github/almasb/fxgl/17.2/fxgl-17.2.jar!/fxglassets/ui/css/fxgl_dark.css
08:53:39.388 [FXGL Background Thread 1 ] DEBUG GameApplicationServi - Initializing application scenes
08:53:39.580 [FXGL Background Thread 1 ] DEBUG GameWorld            - Game world initialized
08:53:39.634 [FXGL Background Thread 1 ] DEBUG PhysicsWorld         - Physics world initialized: appHeight=520, physics.ppm=50.0
08:53:39.635 [FXGL Background Thread 1 ] DEBUG PhysicsWorld         - Using strategy: BRUTE_FORCE
08:53:39.641 [FXGL Background Thread 1 ] DEBUG GameScene            - Game scene initialized: 480x520
08:53:39.657 [FXGL Background Thread 1 ] WARN  FXGL.DefaultMenu     - FXGLDefaultMenu is not designed for resolutions < 800x600
08:53:39.657 [FXGL Background Thread 1 ] DEBUG FXGL.DefaultMenu     - createMenuBodyGameMenu()
08:53:39.671 [FXGL Background Thread 1 ] DEBUG FXGL.DefaultMenu     - createOptionsMenu()
08:53:39.682 [FXGL Background Thread 1 ] DEBUG FXGLAssetLoaderServi - Loading from file system: jar:file:///C:/Users/xiguang/.m2/repository/com/github/almasb/fxgl/17.2/fxgl-17.2.jar!/fxglassets/textures/particles/smoke.png
08:53:39.770 [FXGL Background Thread 1 ] DEBUG FXGLAssetLoaderServi - Loading from file system: jar:file:///C:/Users/xiguang/.m2/repository/com/github/almasb/fxgl/17.2/fxgl-17.2.jar!/fxglassets/textures/particles/trace_horizontal.png
08:53:39.797 [FXGL Background Thread 1 ] DEBUG GameApplicationServi - Application scenes initialized
08:53:39.810 [FXGL Background Thread 1 ] DEBUG SystemBundleService  - Loading default FXGL system data
08:53:39.811 [FXGL Background Thread 1 ] DEBUG UpdaterService       - Checking for updates
08:53:39.813 [FXGL Background Thread 4 ] DEBUG FXGLApplication      - Loading fonts
08:53:39.814 [FXGL Background Thread 1 ] DEBUG FXGLApplication      - Loading default localization
08:53:39.814 [FXGL Background Thread 4 ] DEBUG FXGLAssetLoaderServi - Loading from file system: jar:file:///C:/Users/xiguang/.m2/repository/com/github/almasb/fxgl/17.2/fxgl-17.2.jar!/fxglassets/ui/fonts/VarelaRound-Regular.ttf
08:53:39.814 [FXGL Background Thread 1 ] DEBUG FXGLAssetLoaderServi - Loading from file system: jar:file:///C:/Users/xiguang/.m2/repository/com/github/almasb/fxgl/17.2/fxgl-17.2.jar!/fxglassets/languages/english.lang
08:53:39.834 [FXGL Background Thread 1 ] INFO  FXGLApplication      - FXGL initialization took: 0.529 sec
08:53:39.835 [JavaFX Application Thread] DEBUG FXGLAssetLoaderServi - Loading from file system: jar:file:///C:/Users/xiguang/.m2/repository/com/github/almasb/fxgl/17.2/fxgl-17.2.jar!/fxglassets/textures/fxgl_icon.png
08:53:39.858 [JavaFX Application Thread] DEBUG FXGLAssetLoaderServi - Loading from file system: jar:file:///C:/Users/xiguang/.m2/repository/com/github/almasb/fxgl/17.2/fxgl-17.2.jar!/fxglassets/textures/fxgl_default_cursor.png
08:53:39.872 [JavaFX Application Thread] DEBUG Input                - Registered new binding: Screenshot - CTRL+8
08:53:39.872 [JavaFX Application Thread] DEBUG Input                - Registered new binding: System info dump - CTRL+9
08:53:39.872 [JavaFX Application Thread] DEBUG Input                - Registered new binding: Restart - CTRL+R
08:53:39.873 [JavaFX Application Thread] DEBUG Input                - Registered new binding: Toggle Debug Camera - CTRL+7
08:53:39.874 [JavaFX Application Thread] DEBUG LoopRunner           - Starting loop
08:53:39.874 [JavaFX Application Thread] DEBUG LoopRunner           - Initializing JavaFX AnimationTimerLoop
08:53:39.876 [JavaFX Application Thread] DEBUG GameApplicationServi - Starting new game
08:53:39.877 [JavaFX Application Thread] DEBUG Input                - Clearing active input actions
08:53:39.880 [FXGL Background Thread 4 ] DEBUG FXGLAssetLoaderServi - Loading from file system: jar:file:///C:/Users/xiguang/.m2/repository/com/github/almasb/fxgl/17.2/fxgl-17.2.jar!/fxglassets/ui/fonts/Abel-Regular.ttf
08:53:39.891 [FXGL Background Thread 4 ] DEBUG FXGLAssetLoaderServi - Loading from file system: jar:file:///C:/Users/xiguang/.m2/repository/com/github/almasb/fxgl/17.2/fxgl-17.2.jar!/fxglassets/ui/fonts/TerminalLandMono-Regular.otf
08:53:39.892 [JavaFX Application Thread] DEBUG GameApplicationServi - Removing overlay from FXGLStartupScene and adding to FXGLLoadingScene
08:53:39.892 [JavaFX Application Thread] DEBUG PrimaryStageWindow   - FXGLStartupScene -> FXGLLoadingScene
08:53:39.892 [JavaFX Application Thread] DEBUG GameApplicationServi - Clearing previous game
08:53:39.892 [JavaFX Application Thread] DEBUG GameScene            - Clearing game scene
08:53:39.892 [JavaFX Application Thread] DEBUG GameWorld            - Clearing game world
08:53:39.892 [JavaFX Application Thread] DEBUG PhysicsWorld         - Clearing physics world
08:53:39.893 [FXGL Background Thread 1 ] DEBUG FXGLApplication      - Initializing game
08:53:39.894 [FXGL Background Thread 1 ] INFO  FXGLApplication      - Game initialization took: 0.001 sec
08:53:39.897 [FXGL Background Thread 4 ] DEBUG FXGLAssetLoaderServi - Loading from file system: jar:file:///C:/Users/xiguang/.m2/repository/com/github/almasb/fxgl/17.2/fxgl-17.2.jar!/fxglassets/ui/fonts/Courier-Prime.ttf
08:53:39.933 [JavaFX Application Thread] DEBUG Input                - Clearing active input actions
08:53:39.940 [JavaFX Application Thread] DEBUG GameApplicationServi - Removing overlay from FXGLLoadingScene and adding to GameScene
08:53:39.940 [JavaFX Application Thread] DEBUG PrimaryStageWindow   - FXGLLoadingScene -> GameScene
08:53:39.941 [JavaFX Application Thread] DEBUG FXGLApplication      - Registering font factories with UI factory
08:53:42.813 [FXGL Background Thread 3 ] DEBUG Engine               - Logging environment variables
08:53:42.814 [FXGL Background Thread 3 ] DEBUG Engine               - achievements: []
08:53:42.815 [FXGL Background Thread 3 ] DEBUG Engine               - actualHeight: 520.0
08:53:42.815 [FXGL Background Thread 3 ] DEBUG Engine               - actualHeightProperty: ReadOnlyDoubleProperty [value: 520.0]
08:53:42.815 [FXGL Background Thread 3 ] DEBUG Engine               - actualWidth: 480.0
08:53:42.816 [FXGL Background Thread 3 ] DEBUG Engine               - actualWidthProperty: ReadOnlyDoubleProperty [value: 480.0]
08:53:42.816 [FXGL Background Thread 3 ] DEBUG Engine               - appIcon: fxgl_icon.png
08:53:42.816 [FXGL Background Thread 3 ] DEBUG Engine               - applicationMode: DEVELOPER
08:53:42.816 [FXGL Background Thread 3 ] DEBUG Engine               - cSSList: [fxgl_dark.css]
08:53:42.816 [FXGL Background Thread 3 ] DEBUG Engine               - collisionDetectionStrategy: BRUTE_FORCE
08:53:42.816 [FXGL Background Thread 3 ] DEBUG Engine               - configClass: Optional.empty
08:53:42.816 [FXGL Background Thread 3 ] DEBUG Engine               - credits: []
08:53:42.816 [FXGL Background Thread 3 ] DEBUG Engine               - defaultCursor: CursorInfo(imageName=fxgl_default_cursor.png, hotspotX=7.0, hotspotY=6.0)
08:53:42.816 [FXGL Background Thread 3 ] DEBUG Engine               - devBBoxColorProperty: ObjectProperty [value: 0xff0000ff]
08:53:42.817 [FXGL Background Thread 3 ] DEBUG Engine               - devEnableDebugCameraProperty: BooleanProperty [value: false]
08:53:42.817 [FXGL Background Thread 3 ] DEBUG Engine               - devSensorColorProperty: ObjectProperty [value: 0xffff00ff]
08:53:42.817 [FXGL Background Thread 3 ] DEBUG Engine               - devShowBBoxProperty: BooleanProperty [value: false]
08:53:42.817 [FXGL Background Thread 3 ] DEBUG Engine               - devShowPositionProperty: BooleanProperty [value: false]
08:53:42.817 [FXGL Background Thread 3 ] DEBUG Engine               - enabledMenuItems: []
08:53:42.817 [FXGL Background Thread 3 ] DEBUG Engine               - engineServices: [class com.almasb.fxgl.app.services.FXGLAssetLoaderService, class com.almasb.fxgl.app.FXGLApplication$GameApplicationService, class com.almasb.fxgl.app.services.FXGLDialogService, class com.almasb.fxgl.app.services.IOTaskExecutorService, class com.almasb.fxgl.io.FileSystemService, class com.almasb.fxgl.localization.LocalizationService, class com.almasb.fxgl.app.services.SystemBundleService, class com.almasb.fxgl.profile.SaveLoadService, class com.almasb.fxgl.ui.FXGLUIFactoryServiceProvider, class com.almasb.fxgl.ui.FXGLDialogFactoryServiceProvider, class com.almasb.fxgl.audio.AudioPlayer, class com.almasb.fxgl.notification.impl.NotificationServiceProvider, class com.almasb.fxgl.achievement.AchievementService, class com.almasb.fxgl.cutscene.CutsceneService, class com.almasb.fxgl.minigames.MiniGameService, class com.almasb.fxgl.net.NetService, class com.almasb.fxgl.app.services.UpdaterService, class com.almasb.fxgl.dev.DevService]
08:53:42.817 [FXGL Background Thread 3 ] DEBUG Engine               - fontGame: Abel-Regular.ttf
08:53:42.817 [FXGL Background Thread 3 ] DEBUG Engine               - fontMono: TerminalLandMono-Regular.otf
08:53:42.817 [FXGL Background Thread 3 ] DEBUG Engine               - fontText: Courier-Prime.ttf
08:53:42.817 [FXGL Background Thread 3 ] DEBUG Engine               - fontUI: VarelaRound-Regular.ttf
08:53:42.817 [FXGL Background Thread 3 ] DEBUG Engine               - fullScreen: BooleanProperty [value: false]
08:53:42.817 [FXGL Background Thread 3 ] DEBUG Engine               - gameDifficulty: MEDIUM
08:53:42.817 [FXGL Background Thread 3 ] DEBUG Engine               - gameDifficultyProperty: ObjectProperty [value: MEDIUM]
08:53:42.817 [FXGL Background Thread 3 ] DEBUG Engine               - globalMusicVolume: 0.5
08:53:42.817 [FXGL Background Thread 3 ] DEBUG Engine               - globalMusicVolumeProperty: DoubleProperty [value: 0.5]
08:53:42.817 [FXGL Background Thread 3 ] DEBUG Engine               - globalSoundVolume: 0.5
08:53:42.817 [FXGL Background Thread 3 ] DEBUG Engine               - globalSoundVolumeProperty: DoubleProperty [value: 0.5]
08:53:42.817 [FXGL Background Thread 3 ] DEBUG Engine               - height: 520
08:53:42.817 [FXGL Background Thread 3 ] DEBUG Engine               - is3D: false
08:53:42.817 [FXGL Background Thread 3 ] DEBUG Engine               - isAndroid: false
08:53:42.817 [FXGL Background Thread 3 ] DEBUG Engine               - isBrowser: false
08:53:42.817 [FXGL Background Thread 3 ] DEBUG Engine               - isClickFeedbackEnabled: false
08:53:42.817 [FXGL Background Thread 3 ] DEBUG Engine               - isCloseConfirmation: false
08:53:42.817 [FXGL Background Thread 3 ] DEBUG Engine               - isDesktop: true
08:53:42.817 [FXGL Background Thread 3 ] DEBUG Engine               - isDeveloperMenuEnabled: false
08:53:42.817 [FXGL Background Thread 3 ] DEBUG Engine               - isEmbedded: false
08:53:42.818 [FXGL Background Thread 3 ] DEBUG Engine               - isEntityPreloadEnabled: true
08:53:42.818 [FXGL Background Thread 3 ] DEBUG Engine               - isExperimentalTiledLargeMap: false
08:53:42.818 [FXGL Background Thread 3 ] DEBUG Engine               - isFileSystemWriteAllowed: true
08:53:42.818 [FXGL Background Thread 3 ] DEBUG Engine               - isFullScreenAllowed: false
08:53:42.818 [FXGL Background Thread 3 ] DEBUG Engine               - isFullScreenFromStart: false
08:53:42.818 [FXGL Background Thread 3 ] DEBUG Engine               - isGameMenuEnabled: true
08:53:42.818 [FXGL Background Thread 3 ] DEBUG Engine               - isIOS: false
08:53:42.818 [FXGL Background Thread 3 ] DEBUG Engine               - isIntroEnabled: false
08:53:42.818 [FXGL Background Thread 3 ] DEBUG Engine               - isLinux: false
08:53:42.818 [FXGL Background Thread 3 ] DEBUG Engine               - isMac: false
08:53:42.818 [FXGL Background Thread 3 ] DEBUG Engine               - isMainMenuEnabled: false
08:53:42.818 [FXGL Background Thread 3 ] DEBUG Engine               - isManualResizeEnabled: false
08:53:42.818 [FXGL Background Thread 3 ] DEBUG Engine               - isMobile: false
08:53:42.818 [FXGL Background Thread 3 ] DEBUG Engine               - isNative: false
08:53:42.818 [FXGL Background Thread 3 ] DEBUG Engine               - isPauseMusicWhenMinimized: true
08:53:42.818 [FXGL Background Thread 3 ] DEBUG Engine               - isPreserveResizeRatio: false
08:53:42.818 [FXGL Background Thread 3 ] DEBUG Engine               - isProfilingEnabled: false
08:53:42.818 [FXGL Background Thread 3 ] DEBUG Engine               - isScaleAffectedOnResize: true
08:53:42.818 [FXGL Background Thread 3 ] DEBUG Engine               - isSingleStep: false
08:53:42.818 [FXGL Background Thread 3 ] DEBUG Engine               - isUserProfileEnabled: false
08:53:42.818 [FXGL Background Thread 3 ] DEBUG Engine               - isWindows: true
08:53:42.818 [FXGL Background Thread 3 ] DEBUG Engine               - language: ObjectProperty [value: ENGLISH]
08:53:42.818 [FXGL Background Thread 3 ] DEBUG Engine               - menuKey: ESCAPE
08:53:42.819 [FXGL Background Thread 3 ] DEBUG Engine               - mouseSensitivity: 0.2
08:53:42.819 [FXGL Background Thread 3 ] DEBUG Engine               - notificationViewClass: class com.almasb.fxgl.notification.view.XboxNotificationView
08:53:42.819 [FXGL Background Thread 3 ] DEBUG Engine               - pixelsPerMeter: 50.0
08:53:42.819 [FXGL Background Thread 3 ] DEBUG Engine               - platform: WINDOWS
08:53:42.819 [FXGL Background Thread 3 ] DEBUG Engine               - prefHeightProperty: ReadOnlyDoubleProperty [value: 520.0]
08:53:42.819 [FXGL Background Thread 3 ] DEBUG Engine               - prefWidthProperty: ReadOnlyDoubleProperty [value: 480.0]
08:53:42.819 [FXGL Background Thread 3 ] DEBUG Engine               - profileDir: profiles/
08:53:42.819 [FXGL Background Thread 3 ] DEBUG Engine               - profileName: StringProperty [value: DEFAULT]
08:53:42.819 [FXGL Background Thread 3 ] DEBUG Engine               - randomSeed: -1
08:53:42.819 [FXGL Background Thread 3 ] DEBUG Engine               - runtimeInfo: RuntimeInfo(platform=WINDOWS, version=17.2, build=20.08.2022 16.50)
08:53:42.819 [FXGL Background Thread 3 ] DEBUG Engine               - saveFileExt: sav
08:53:42.819 [FXGL Background Thread 3 ] DEBUG Engine               - scaledHeightProp$fxgl: DoubleProperty [bound, value: 520.0]
08:53:42.819 [FXGL Background Thread 3 ] DEBUG Engine               - scaledWidthProp$fxgl: DoubleProperty [bound, value: 480.0]
08:53:42.819 [FXGL Background Thread 3 ] DEBUG Engine               - sceneFactory: com.almasb.fxgl.app.scene.SceneFactory@5bc1e4ca
08:53:42.820 [FXGL Background Thread 3 ] DEBUG Engine               - secondsIn24h: 60
08:53:42.820 [FXGL Background Thread 3 ] DEBUG Engine               - soundMenuBack: menu/back.wav
08:53:42.820 [FXGL Background Thread 3 ] DEBUG Engine               - soundMenuPress: menu/press.wav
08:53:42.820 [FXGL Background Thread 3 ] DEBUG Engine               - soundMenuSelect: menu/select.wav
08:53:42.820 [FXGL Background Thread 3 ] DEBUG Engine               - soundNotification: core/notification.wav
08:53:42.820 [FXGL Background Thread 3 ] DEBUG Engine               - stageStyle: DECORATED
08:53:42.820 [FXGL Background Thread 3 ] DEBUG Engine               - supportedLanguages: [ENGLISH, FRENCH, GERMAN, HUNGARIAN, RUSSIAN]
08:53:42.820 [FXGL Background Thread 3 ] DEBUG Engine               - ticksPerSecond: -1
08:53:42.820 [FXGL Background Thread 3 ] DEBUG Engine               - title: 11
08:53:42.820 [FXGL Background Thread 3 ] DEBUG Engine               - urlGithub: https://github.com/AlmasB/FXGL
08:53:42.820 [FXGL Background Thread 3 ] DEBUG Engine               - urlLeaderboard: http://fxgl-top.herokuapp.com/
08:53:42.820 [FXGL Background Thread 3 ] DEBUG Engine               - urlPOM: https://raw.githubusercontent.com/AlmasB/FXGL/release/README.md
08:53:42.820 [FXGL Background Thread 3 ] DEBUG Engine               - userAppClass: class com.xiguang.hello.HelloWorldApp
08:53:42.820 [FXGL Background Thread 3 ] DEBUG Engine               - version: 0.1
08:53:42.820 [FXGL Background Thread 3 ] DEBUG Engine               - versionCheckDays: 7
08:53:42.820 [FXGL Background Thread 3 ] DEBUG Engine               - width: 480
08:53:42.820 [FXGL Background Thread 3 ] DEBUG Engine               - Logging services
08:53:42.820 [FXGL Background Thread 3 ] DEBUG Engine               - class com.almasb.fxgl.app.services.FXGLAssetLoaderService
08:53:42.821 [FXGL Background Thread 3 ] DEBUG Engine               - class com.almasb.fxgl.app.FXGLApplication$GameApplicationService
08:53:42.821 [FXGL Background Thread 3 ] DEBUG Engine               - class com.almasb.fxgl.app.services.FXGLDialogService
08:53:42.821 [FXGL Background Thread 3 ] DEBUG Engine               - class com.almasb.fxgl.app.services.IOTaskExecutorService
08:53:42.821 [FXGL Background Thread 3 ] DEBUG Engine               - class com.almasb.fxgl.io.FileSystemService
08:53:42.821 [FXGL Background Thread 3 ] DEBUG Engine               - class com.almasb.fxgl.localization.LocalizationService
08:53:42.821 [FXGL Background Thread 3 ] DEBUG Engine               - class com.almasb.fxgl.app.services.SystemBundleService
08:53:42.821 [FXGL Background Thread 3 ] DEBUG Engine               - class com.almasb.fxgl.profile.SaveLoadService
08:53:42.821 [FXGL Background Thread 3 ] DEBUG Engine               - class com.almasb.fxgl.ui.FXGLUIFactoryServiceProvider
08:53:42.821 [FXGL Background Thread 3 ] DEBUG Engine               - class com.almasb.fxgl.ui.FXGLDialogFactoryServiceProvider
08:53:42.821 [FXGL Background Thread 3 ] DEBUG Engine               - class com.almasb.fxgl.audio.AudioPlayer
08:53:42.821 [FXGL Background Thread 3 ] DEBUG Engine               - class com.almasb.fxgl.notification.impl.NotificationServiceProvider
08:53:42.821 [FXGL Background Thread 3 ] DEBUG Engine               - class com.almasb.fxgl.achievement.AchievementService
08:53:42.821 [FXGL Background Thread 3 ] DEBUG Engine               - class com.almasb.fxgl.cutscene.CutsceneService
08:53:42.821 [FXGL Background Thread 3 ] DEBUG Engine               - class com.almasb.fxgl.minigames.MiniGameService
08:53:42.821 [FXGL Background Thread 3 ] DEBUG Engine               - class com.almasb.fxgl.net.NetService
08:53:42.821 [FXGL Background Thread 3 ] DEBUG Engine               - class com.almasb.fxgl.app.services.UpdaterService
08:53:42.821 [FXGL Background Thread 3 ] DEBUG Engine               - class com.almasb.fxgl.dev.DevService
08:53:44.000 [JavaFX Application Thread] DEBUG LoopRunner           - Pausing loop
08:53:50.920 [JavaFX Application Thread] DEBUG LoopRunner           - Resuming loop
08:53:52.893 [JavaFX Application Thread] DEBUG FXGLApplication      - Exiting FXGL
08:53:52.893 [JavaFX Application Thread] DEBUG LoopRunner           - Stopping loop
08:53:52.893 [JavaFX Application Thread] DEBUG SystemBundleService  - Saving FXGL system data
08:53:52.894 [JavaFX Application Thread] DEBUG FileSystemAccess     - Writing to: F:\programme\Iidea\fxgl\system\fxgl.bundle
08:53:52.901 [JavaFX Application Thread] DEBUG Async                - Shutting down background threads
08:53:52.901 [JavaFX Application Thread] DEBUG PrimaryStageWindow   - Closing main window
08:53:52.910 [JavaFX Application Thread] DEBUG Logger               - Closing Logger
