08:55:25.808 [main                     ] DEBUG Logger               - Configured Logger
08:55:25.828 [main                     ] DEBUG GameApplication      - Logging settings
Title: 11
Version: 0.1
Width: 480
Height: 520
Fullscreen: false
Intro: false
Profiling: false
Single step:false
App Mode: DEVELOPER
Menu Key: ESCAPE
Stage Style: DECORATED
Scene Factory: class com.almasb.fxgl.app.scene.SceneFactory

08:55:26.112 [JavaFX Application Thread] DEBUG FXGLApplication      - Initializing FXGL
08:55:26.117 [JavaFX Application Thread] INFO  Engine               - FXGL-17.2 (20.08.2022 16.50) on WINDOWS (J:19.0.1 FX:18)
08:55:26.117 [JavaFX Application Thread] DEBUG Engine               - JRE Vendor Name: Oracle Corporation
08:55:26.117 [JavaFX Application Thread] DEBUG Engine               - Running on OS: Windows 11 version 10.0
08:55:26.118 [JavaFX Application Thread] DEBUG Engine               - Architecture: amd64
08:55:26.118 [JavaFX Application Thread] INFO  Engine               - Source code and latest versions at: https://github.com/AlmasB/FXGL
08:55:26.118 [JavaFX Application Thread] INFO  Engine               -       Ask questions and discuss at: https://github.com/AlmasB/FXGL/discussions
08:55:26.118 [JavaFX Application Thread] INFO  Engine               -              Join the FXGL chat at: https://gitter.im/AlmasB/FXGL
08:55:26.182 [JavaFX Application Thread] DEBUG PrimaryStageWindow   - Creating a JavaFX scene
08:55:26.210 [JavaFX Application Thread] DEBUG PrimaryStageWindow   - Target settings size: 480.0 x 520.0
08:55:26.210 [JavaFX Application Thread] DEBUG PrimaryStageWindow   - Scaled scene size:    480.0 x 520.0
08:55:26.210 [JavaFX Application Thread] DEBUG PrimaryStageWindow   - Scaled ratio: (1.0, 1.0)
08:55:26.211 [JavaFX Application Thread] DEBUG PrimaryStageWindow   - Set initial scene to FXGLStartupScene
08:55:26.215 [JavaFX Application Thread] DEBUG PrimaryStageWindow   - Opening main window
08:55:26.296 [JavaFX Application Thread] DEBUG PrimaryStageWindow   - Window border size: (14.399993896484375, 37.5999755859375)
08:55:26.296 [JavaFX Application Thread] DEBUG PrimaryStageWindow   - Scaled size: 480.0 x 520.0
08:55:26.296 [JavaFX Application Thread] DEBUG PrimaryStageWindow   - Scaled ratio: (1.0, 1.0)
08:55:26.296 [JavaFX Application Thread] DEBUG PrimaryStageWindow   - Scene size: 480.0 x 520.0
08:55:26.296 [JavaFX Application Thread] DEBUG PrimaryStageWindow   - Stage size: 494.3999938964844 x 557.5999755859375
08:55:26.302 [FXGL Background Thread 1 ] DEBUG Engine               - Initializing environment variables
08:55:26.338 [FXGL Background Thread 1 ] DEBUG FXGLAssetLoaderServi - User app class for loading assets: class com.xiguang.hello.HelloWorldApp
08:55:26.338 [FXGL Background Thread 1 ] DEBUG GameApplicationServi - Applying CSS: fxgl_dark.css
08:55:26.339 [FXGL Background Thread 1 ] DEBUG FXGLAssetLoaderServi - Loading from file system: jar:file:///C:/Users/xiguang/.m2/repository/com/github/almasb/fxgl/17.2/fxgl-17.2.jar!/fxglassets/ui/css/fxgl_dark.css
08:55:26.370 [FXGL Background Thread 1 ] DEBUG GameApplicationServi - Initializing application scenes
08:55:26.484 [FXGL Background Thread 1 ] DEBUG GameWorld            - Game world initialized
08:55:26.525 [FXGL Background Thread 1 ] DEBUG PhysicsWorld         - Physics world initialized: appHeight=520, physics.ppm=50.0
08:55:26.526 [FXGL Background Thread 1 ] DEBUG PhysicsWorld         - Using strategy: BRUTE_FORCE
08:55:26.529 [FXGL Background Thread 1 ] DEBUG GameScene            - Game scene initialized: 480x520
08:55:26.537 [FXGL Background Thread 1 ] WARN  FXGL.DefaultMenu     - FXGLDefaultMenu is not designed for resolutions < 800x600
08:55:26.537 [FXGL Background Thread 1 ] DEBUG FXGL.DefaultMenu     - createMenuBodyGameMenu()
08:55:26.546 [FXGL Background Thread 1 ] DEBUG FXGL.DefaultMenu     - createOptionsMenu()
08:55:26.553 [FXGL Background Thread 1 ] DEBUG FXGLAssetLoaderServi - Loading from file system: jar:file:///C:/Users/xiguang/.m2/repository/com/github/almasb/fxgl/17.2/fxgl-17.2.jar!/fxglassets/textures/particles/smoke.png
08:55:26.646 [FXGL Background Thread 1 ] DEBUG FXGLAssetLoaderServi - Loading from file system: jar:file:///C:/Users/xiguang/.m2/repository/com/github/almasb/fxgl/17.2/fxgl-17.2.jar!/fxglassets/textures/particles/trace_horizontal.png
08:55:26.688 [FXGL Background Thread 1 ] DEBUG GameApplicationServi - Application scenes initialized
08:55:26.699 [FXGL Background Thread 1 ] DEBUG SystemBundleService  - Loading FXGL system data
08:55:26.703 [FXGL Background Thread 1 ] DEBUG FileSystemAccess     - Reading from: F:\programme\Iidea\fxgl\system\fxgl.bundle
08:55:26.712 [FXGL Background Thread 1 ] DEBUG SystemBundleService  - Bundle FXGL: {}
08:55:26.712 [FXGL Background Thread 1 ] DEBUG UpdaterService       - Checking for updates
08:55:26.715 [FXGL Background Thread 4 ] DEBUG FXGLApplication      - Loading fonts
08:55:26.715 [FXGL Background Thread 1 ] DEBUG FXGLApplication      - Loading default localization
08:55:26.716 [FXGL Background Thread 4 ] DEBUG FXGLAssetLoaderServi - Loading from file system: jar:file:///C:/Users/xiguang/.m2/repository/com/github/almasb/fxgl/17.2/fxgl-17.2.jar!/fxglassets/ui/fonts/VarelaRound-Regular.ttf
08:55:26.716 [FXGL Background Thread 1 ] DEBUG FXGLAssetLoaderServi - Loading from file system: jar:file:///C:/Users/xiguang/.m2/repository/com/github/almasb/fxgl/17.2/fxgl-17.2.jar!/fxglassets/languages/english.lang
08:55:26.742 [FXGL Background Thread 1 ] INFO  FXGLApplication      - FXGL initialization took: 0.440 sec
08:55:26.745 [JavaFX Application Thread] DEBUG FXGLAssetLoaderServi - Loading from file system: jar:file:///C:/Users/xiguang/.m2/repository/com/github/almasb/fxgl/17.2/fxgl-17.2.jar!/fxglassets/textures/fxgl_icon.png
08:55:26.766 [JavaFX Application Thread] DEBUG FXGLAssetLoaderServi - Loading from file system: jar:file:///C:/Users/xiguang/.m2/repository/com/github/almasb/fxgl/17.2/fxgl-17.2.jar!/fxglassets/textures/fxgl_default_cursor.png
08:55:26.780 [JavaFX Application Thread] DEBUG Input                - Registered new binding: Screenshot - CTRL+8
08:55:26.780 [JavaFX Application Thread] DEBUG Input                - Registered new binding: System info dump - CTRL+9
08:55:26.781 [JavaFX Application Thread] DEBUG Input                - Registered new binding: Restart - CTRL+R
08:55:26.783 [JavaFX Application Thread] DEBUG Input                - Registered new binding: Toggle Debug Camera - CTRL+7
08:55:26.785 [JavaFX Application Thread] DEBUG LoopRunner           - Starting loop
08:55:26.785 [JavaFX Application Thread] DEBUG LoopRunner           - Initializing JavaFX AnimationTimerLoop
08:55:26.786 [JavaFX Application Thread] DEBUG GameApplicationServi - Starting new game
08:55:26.787 [JavaFX Application Thread] DEBUG Input                - Clearing active input actions
08:55:26.803 [JavaFX Application Thread] DEBUG GameApplicationServi - Removing overlay from FXGLStartupScene and adding to FXGLLoadingScene
08:55:26.804 [JavaFX Application Thread] DEBUG PrimaryStageWindow   - FXGLStartupScene -> FXGLLoadingScene
08:55:26.804 [JavaFX Application Thread] DEBUG GameApplicationServi - Clearing previous game
08:55:26.804 [JavaFX Application Thread] DEBUG GameScene            - Clearing game scene
08:55:26.804 [JavaFX Application Thread] DEBUG GameWorld            - Clearing game world
08:55:26.804 [FXGL Background Thread 4 ] DEBUG FXGLAssetLoaderServi - Loading from file system: jar:file:///C:/Users/xiguang/.m2/repository/com/github/almasb/fxgl/17.2/fxgl-17.2.jar!/fxglassets/ui/fonts/Abel-Regular.ttf
08:55:26.804 [JavaFX Application Thread] DEBUG PhysicsWorld         - Clearing physics world
08:55:26.807 [FXGL Background Thread 1 ] DEBUG FXGLApplication      - Initializing game
08:55:26.808 [FXGL Background Thread 1 ] INFO  FXGLApplication      - Game initialization took: 0.001 sec
08:55:26.814 [FXGL Background Thread 4 ] DEBUG FXGLAssetLoaderServi - Loading from file system: jar:file:///C:/Users/xiguang/.m2/repository/com/github/almasb/fxgl/17.2/fxgl-17.2.jar!/fxglassets/ui/fonts/TerminalLandMono-Regular.otf
08:55:26.825 [FXGL Background Thread 4 ] DEBUG FXGLAssetLoaderServi - Loading from file system: jar:file:///C:/Users/xiguang/.m2/repository/com/github/almasb/fxgl/17.2/fxgl-17.2.jar!/fxglassets/ui/fonts/Courier-Prime.ttf
08:55:26.862 [JavaFX Application Thread] DEBUG Input                - Clearing active input actions
08:55:26.870 [JavaFX Application Thread] DEBUG GameApplicationServi - Removing overlay from FXGLLoadingScene and adding to GameScene
08:55:26.871 [JavaFX Application Thread] DEBUG PrimaryStageWindow   - FXGLLoadingScene -> GameScene
08:55:26.876 [JavaFX Application Thread] DEBUG FXGLApplication      - Registering font factories with UI factory
08:55:27.858 [JavaFX Application Thread] DEBUG FXGLApplication      - Exiting FXGL
08:55:27.858 [JavaFX Application Thread] DEBUG LoopRunner           - Stopping loop
08:55:27.858 [JavaFX Application Thread] DEBUG SystemBundleService  - Saving FXGL system data
08:55:27.859 [JavaFX Application Thread] DEBUG FileSystemAccess     - Writing to: F:\programme\Iidea\fxgl\system\fxgl.bundle
08:55:27.861 [JavaFX Application Thread] DEBUG Async                - Shutting down background threads
08:55:27.861 [JavaFX Application Thread] DEBUG PrimaryStageWindow   - Closing main window
08:55:27.870 [JavaFX Application Thread] DEBUG Logger               - Closing Logger
